<?xml version="1.0" encoding="UTF-8"?>
<testng-results ignored="0" total="1" passed="1" failed="0" skipped="0">
  <reporter-output>
  </reporter-output>
  <suite started-at="2021-07-01T05:10:50Z" name="Default suite" finished-at="2021-07-01T05:11:01Z" duration-ms="10499">
    <groups>
      <group name="cucumber">
        <method signature="AbstractTestNGCucumberTests.feature(cucumber.api.testng.CucumberFeatureWrapper)[pri:0, instance:com.testrunner.TestRunner@7cb502c]" name="feature" class="cucumber.api.testng.AbstractTestNGCucumberTests"/>
      </group> <!-- cucumber -->
    </groups>
    <test started-at="2021-07-01T05:10:50Z" name="Default test" finished-at="2021-07-01T05:11:01Z" duration-ms="10499">
      <class name="com.testrunner.TestRunner">
        <test-method is-config="true" signature="setUpClass()[pri:0, instance:com.testrunner.TestRunner@7cb502c]" started-at="2021-07-01T05:10:50Z" name="setUpClass" finished-at="2021-07-01T05:10:50Z" duration-ms="168" status="PASS">
          <reporter-output>
          </reporter-output>
        </test-method> <!-- setUpClass -->
        <test-method signature="feature(cucumber.api.testng.CucumberFeatureWrapper)[pri:0, instance:com.testrunner.TestRunner@7cb502c]" started-at="2021-07-01T05:10:50Z" name="feature" description="Runs Cucumber Feature" data-provider="features" finished-at="2021-07-01T05:11:01Z" duration-ms="10251" status="PASS">
          <params>
            <param index="0">
              <value>
                <![CDATA[Search Add to Cart and Checkout Test]]>
              </value>
            </param>
          </params>
          <reporter-output>
          </reporter-output>
        </test-method> <!-- feature -->
        <test-method is-config="true" signature="tearDownClass()[pri:0, instance:com.testrunner.TestRunner@7cb502c]" started-at="2021-07-01T05:11:01Z" name="tearDownClass" finished-at="2021-07-01T05:11:01Z" duration-ms="2" status="PASS">
          <reporter-output>
          </reporter-output>
        </test-method> <!-- tearDownClass -->
      </class> <!-- com.testrunner.TestRunner -->
    </test> <!-- Default test -->
  </suite> <!-- Default suite -->
</testng-results>
